Command line invocation:
    /Applications/Xcode.app/Contents/Developer/usr/bin/xcodebuild -project EchoSaath.xcodeproj -scheme EchoSaath -destination "platform=iOS Simulator,name=iPhone 15" clean build

2026-04-18 01:59:52.166 xcodebuild[10949:274193] [MT] IDERunDestination: Supported platforms for the buildables in the current scheme is empty.
2026-04-18 02:00:52.512 xcodebuild[10949:274193] Writing error result bundle to /var/folders/3f/46w50cbs7331hh8z3jyqcf340000gn/T/ResultBundle_2026-18-04_02-00-0052.xcresult
xcodebuild: error: Unable to find a device matching the provided destination specifier:
		{ platform:iOS Simulator, OS:latest, name:iPhone 15 }

	The requested device could not be found because no available devices matched the request.

	Available destinations for the "EchoSaath" scheme:
		{ platform:macOS, arch:arm64, variant:Designed for [iPad,iPhone], id:00008112-000C28320CA3601E, name:My Mac }
		{ platform:iOS, arch:arm64, id:00008140-001279021EE3801C, name:Javin’s iPhone }
		{ platform:iOS, id:dvtdevice-DVTiPhonePlaceholder-iphoneos:placeholder, name:Any iOS Device }
		{ platform:iOS Simulator, id:dvtdevice-DVTiOSDeviceSimulatorPlaceholder-iphonesimulator:placeholder, name:Any iOS Simulator Device }
		{ platform:iOS Simulator, arch:arm64, id:4D7C0CD4-6233-44A1-ADA4-5E294A05697E, OS:26.4.1, name:iPad (A16) }
		{ platform:iOS Simulator, arch:arm64, id:2CA27D52-EFF3-4BDB-B62E-6E898F7FBCD0, OS:26.4.1, name:iPad Air 11-inch (M4) }
		{ platform:iOS Simulator, arch:arm64, id:09226AB4-942E-4549-894B-E7C2FE01C843, OS:26.4.1, name:iPad Air 13-inch (M4) }
		{ platform:iOS Simulator, arch:arm64, id:E0001EF4-ED22-44FE-8914-E17A38DCFBAF, OS:26.4.1, name:iPad Pro 11-inch (M5) }
		{ platform:iOS Simulator, arch:arm64, id:007D9073-83C8-403F-AAAB-4AE0F1E8100D, OS:26.4.1, name:iPad Pro 13-inch (M5) }
		{ platform:iOS Simulator, arch:arm64, id:8A16C985-0696-480C-BB98-DD15E4D88FD6, OS:26.4.1, name:iPad mini (A17 Pro) }
		{ platform:iOS Simulator, arch:arm64, id:6B5248E0-5605-410D-9141-86C30A1C7BFF, OS:26.4.1, name:iPhone 17 }
		{ platform:iOS Simulator, arch:arm64, id:70E21411-4CA7-4394-943B-354174210CC6, OS:26.4.1, name:iPhone 17 Pro }
		{ platform:iOS Simulator, arch:arm64, id:4B0DB9B6-4845-463E-A108-C0933D7E7623, OS:26.4.1, name:iPhone 17 Pro Max }
		{ platform:iOS Simulator, arch:arm64, id:2ED1CD4B-9B93-49EF-9A60-144EC987402A, OS:26.4.1, name:iPhone 17e }
		{ platform:iOS Simulator, arch:arm64, id:1414514E-814F-4716-8EDA-1250AE1C952D, OS:26.4.1, name:iPhone Air }
